0 info it worked if it ends with ok
1 verbose cli [ '/usr/local/Cellar/node/6.3.1/bin/node',
1 verbose cli   '/usr/local/bin/npm',
1 verbose cli   'start' ]
2 info using npm@3.10.3
3 info using node@v6.3.1
4 verbose run-script [ 'prestart', 'start', 'poststart' ]
5 info lifecycle making-magic@1.0.0~prestart: making-magic@1.0.0
6 silly lifecycle making-magic@1.0.0~prestart: no script for prestart, continuing
7 info lifecycle making-magic@1.0.0~start: making-magic@1.0.0
8 verbose lifecycle making-magic@1.0.0~start: unsafe-perm in lifecycle true
9 verbose lifecycle making-magic@1.0.0~start: PATH: /usr/local/lib/node_modules/npm/bin/node-gyp-bin:/Users/dgravelle/projects/making-magic/node_modules/.bin:/usr/local/Cellar/node/6.3.1/bin:/Users/dgravelle/.rvm/gems/ruby-2.3.0/bin:/Users/dgravelle/.rvm/gems/ruby-2.3.0@global/bin:/Users/dgravelle/.rvm/rubies/ruby-2.3.0/bin:/Users/dgravelle/.dnx/runtimes/dnx-coreclr-darwin-x64.1.0.0-rc1-update2/bin:/Users/dgravelle/.dnx/bin:/usr/local/bin:/usr/bin:/bin:/usr/sbin:/sbin:/Users/dgravelle/.rvm/bin
10 verbose lifecycle making-magic@1.0.0~start: CWD: /Users/dgravelle/projects/making-magic
11 silly lifecycle making-magic@1.0.0~start: Args: [ '-c',
11 silly lifecycle   'webpack-dev-server --inline --content-base . --history-api-fallback' ]
12 silly lifecycle making-magic@1.0.0~start: Returned: code: 1  signal: null
13 info lifecycle making-magic@1.0.0~start: Failed to exec start script
14 verbose stack Error: making-magic@1.0.0 start: `webpack-dev-server --inline --content-base . --history-api-fallback`
14 verbose stack Exit status 1
14 verbose stack     at EventEmitter.<anonymous> (/usr/local/lib/node_modules/npm/lib/utils/lifecycle.js:242:16)
14 verbose stack     at emitTwo (events.js:106:13)
14 verbose stack     at EventEmitter.emit (events.js:191:7)
14 verbose stack     at ChildProcess.<anonymous> (/usr/local/lib/node_modules/npm/lib/utils/spawn.js:40:14)
14 verbose stack     at emitTwo (events.js:106:13)
14 verbose stack     at ChildProcess.emit (events.js:191:7)
14 verbose stack     at maybeClose (internal/child_process.js:852:16)
14 verbose stack     at Process.ChildProcess._handle.onexit (internal/child_process.js:215:5)
15 verbose pkgid making-magic@1.0.0
16 verbose cwd /Users/dgravelle/projects/making-magic
17 error Darwin 15.6.0
18 error argv "/usr/local/Cellar/node/6.3.1/bin/node" "/usr/local/bin/npm" "start"
19 error node v6.3.1
20 error npm  v3.10.3
21 error code ELIFECYCLE
22 error making-magic@1.0.0 start: `webpack-dev-server --inline --content-base . --history-api-fallback`
22 error Exit status 1
23 error Failed at the making-magic@1.0.0 start script 'webpack-dev-server --inline --content-base . --history-api-fallback'.
23 error Make sure you have the latest version of node.js and npm installed.
23 error If you do, this is most likely a problem with the making-magic package,
23 error not with npm itself.
23 error Tell the author that this fails on your system:
23 error     webpack-dev-server --inline --content-base . --history-api-fallback
23 error You can get information on how to open an issue for this project with:
23 error     npm bugs making-magic
23 error Or if that isn't available, you can get their info via:
23 error     npm owner ls making-magic
23 error There is likely additional logging output above.
24 verbose exit [ 1, true ]
